Angles/proguard/seeds.txt
com.google.cloud.backend.android.mobilebackend.model.EntityDto: com.google.api.client.util.DateTime createdAt
com.google.cloud.backend.android.mobilebackend.model.EntityDto: java.lang.String createdBy
com.google.cloud.backend.android.mobilebackend.model.EntityDto: java.lang.String id
com.google.cloud.backend.android.mobilebackend.model.EntityDto: java.lang.String kindName
com.google.cloud.backend.android.mobilebackend.model.EntityDto: java.lang.String owner
com.google.cloud.backend.android.mobilebackend.model.EntityDto: java.lang.Object properties
com.google.cloud.backend.android.mobilebackend.model.EntityDto: com.google.api.client.util.DateTime updatedAt
com.google.cloud.backend.android.mobilebackend.model.EntityDto: java.lang.String updatedBy
com.google.cloud.backend.android.mobilebackend.model.EntityListDto: java.util.List entries
com.google.cloud.backend.android.mobilebackend.model.FilterDto: com.google.cloud.backend.android.mobilebackend.model.Filter datastoreFilter
com.google.cloud.backend.android.mobilebackend.model.FilterDto: java.lang.String operator
com.google.cloud.backend.android.mobilebackend.model.FilterDto: java.util.List subfilters
com.google.cloud.backend.android.mobilebackend.model.FilterDto: java.util.List values
com.google.cloud.backend.android.mobilebackend.model.QueryDto: com.google.cloud.backend.android.mobilebackend.model.FilterDto filterDto
com.google.cloud.backend.android.mobilebackend.model.QueryDto: java.lang.String kindName
com.google.cloud.backend.android.mobilebackend.model.QueryDto: java.lang.Integer limit
com.google.cloud.backend.android.mobilebackend.model.QueryDto: java.lang.String queryId
com.google.cloud.backend.android.mobilebackend.model.QueryDto: java.lang.String regId
com.google.cloud.backend.android.mobilebackend.model.QueryDto: java.lang.String scope
com.google.cloud.backend.android.mobilebackend.model.QueryDto: java.lang.Boolean sortAscending
com.google.cloud.backend.android.mobilebackend.model.QueryDto: java.lang.String sortedPropertyName
com.google.cloud.backend.android.mobilebackend.model.QueryDto: java.lang.Integer subscriptionDurationSec
com.google.cloud.backend.android.sample.guestbook.GuestbookActivity
com.google.cloud.backend.android.sample.guestbook.GuestbookActivity: GuestbookActivity()
com.google.cloud.backend.android.sample.guestbook.GuestbookActivity: void onSendButtonPressed(android.view.View)
com.google.cloud.backend.android.sample.socialtalk.SocialTalkActivity: void onSendButtonPressed(android.view.View)
com.google.gson.FieldNamingPolicy: com.google.gson.FieldNamingPolicy[] values()
com.google.gson.FieldNamingPolicy: com.google.gson.FieldNamingPolicy valueOf(java.lang.String)
com.google.gson.LongSerializationPolicy: com.google.gson.LongSerializationPolicy[] values()
com.google.gson.LongSerializationPolicy: com.google.gson.LongSerializationPolicy valueOf(java.lang.String)
com.google.gson.stream.JsonScope: com.google.gson.stream.JsonScope[] values()
com.google.gson.stream.JsonScope: com.google.gson.stream.JsonScope valueOf(java.lang.String)
com.google.gson.stream.JsonToken: com.google.gson.stream.JsonToken[] values()
com.google.gson.stream.JsonToken: com.google.gson.stream.JsonToken valueOf(java.lang.String)
javax.annotation.meta.When: javax.annotation.meta.When[] values()
javax.annotation.meta.When: javax.annotation.meta.When valueOf(java.lang.String)
org.codehaus.jackson.JsonEncoding: org.codehaus.jackson.JsonEncoding[] values()
org.codehaus.jackson.JsonEncoding: org.codehaus.jackson.JsonEncoding valueOf(java.lang.String)
org.codehaus.jackson.JsonGenerator$Feature: org.codehaus.jackson.JsonGenerator$Feature[] values()
org.codehaus.jackson.JsonGenerator$Feature: org.codehaus.jackson.JsonGenerator$Feature valueOf(java.lang.String)
org.codehaus.jackson.JsonParser$Feature: org.codehaus.jackson.JsonParser$Feature[] values()
org.codehaus.jackson.JsonParser$Feature: org.codehaus.jackson.JsonParser$Feature valueOf(java.lang.String)