Angles/proguard/mapping.txt
com.google.cloud.backend.android.CloudCallbackHandler -> com.google.cloud.backend.android.m:
    void onComplete(java.lang.Object) -> a
    void onError(java.io.IOException) -> a
com.google.cloud.backend.android.CloudEntity -> com.google.cloud.backend.android.n:
    java.lang.String id -> a
    java.util.Date createdAt -> b
    java.util.Date updatedAt -> c
    java.lang.String createdBy -> d
    java.lang.String updatedBy -> e
    java.lang.String kindName -> f
    java.util.Map properties -> g
    java.lang.String owner -> h
    com.google.cloud.backend.android.CloudEntity createCloudEntityFromEntityDto(com.google.cloud.backend.android.mobilebackend.model.EntityDto) -> a
    com.google.cloud.backend.android.mobilebackend.model.EntityDto getEntityDto() -> a
    void put(java.lang.String,java.lang.Object) -> a
    java.lang.Object get(java.lang.String) -> a
    java.lang.String getId() -> b
    java.util.Date getCreatedAt() -> c
    java.lang.String getCreatedBy() -> d
    java.lang.String getKindName() -> e
    java.lang.String toString() -> toString
    int hashCode() -> hashCode
    boolean equals(java.lang.Object) -> equals
com.google.cloud.backend.android.CloudQuery -> com.google.cloud.backend.android.o:
    com.google.gson.Gson gson -> a
    com.google.cloud.backend.android.F filter -> b
    com.google.cloud.backend.android.mobilebackend.model.QueryDto queryDto -> c
    com.google.cloud.backend.android.mobilebackend.model.QueryDto copyQueryDto(com.google.cloud.backend.android.mobilebackend.model.QueryDto) -> a
    void setRegId(java.lang.String) -> a
    com.google.cloud.backend.android.CloudQuery setSort(java.lang.String,com.google.cloud.backend.android.CloudQuery$Order) -> a
    com.google.cloud.backend.android.CloudQuery setLimit(int) -> a
    com.google.cloud.backend.android.mobilebackend.model.QueryDto convertToQueryDto() -> a
    com.google.cloud.backend.android.CloudQuery setFilter(com.google.cloud.backend.android.F) -> a
    com.google.cloud.backend.android.CloudQuery setScope(com.google.cloud.backend.android.CloudQuery$Scope) -> a
    com.google.cloud.backend.android.CloudQuery$Scope getScope() -> b
    boolean isContinuous() -> c
    void setSubscriptionDurationSec(int) -> b
    java.lang.String toString() -> toString
    void setQueryId(java.lang.String) -> b
    java.lang.String getQueryId() -> d
    void setDefaultQueryIdIfNeeded() -> e
com.google.cloud.backend.android.CloudQuery$Order -> com.google.cloud.backend.android.p:
    com.google.cloud.backend.android.CloudQuery$Order ASC -> a
    com.google.cloud.backend.android.CloudQuery$Order DESC -> b
    com.google.cloud.backend.android.CloudQuery$Order[] ENUM$VALUES -> c
    com.google.cloud.backend.android.CloudQuery$Order[] values() -> values
    com.google.cloud.backend.android.CloudQuery$Order valueOf(java.lang.String) -> valueOf
com.google.cloud.backend.android.CloudQuery$Scope -> com.google.cloud.backend.android.q:
    com.google.cloud.backend.android.CloudQuery$Scope PAST -> a
    com.google.cloud.backend.android.CloudQuery$Scope FUTURE -> b
    com.google.cloud.backend.android.CloudQuery$Scope FUTURE_AND_PAST -> c
    com.google.cloud.backend.android.CloudQuery$Scope[] ENUM$VALUES -> d
    com.google.cloud.backend.android.CloudQuery$Scope[] values() -> values
    com.google.cloud.backend.android.CloudQuery$Scope valueOf(java.lang.String) -> valueOf