Angles/proguard/usage.txt
com.google.api.client.http.apache.ApacheHttpResponse:
====    66:67:public long getContentLength()
====    95:95:public java.lang.String getHeaderValue(java.lang.String)
com.google.api.client.http.apache.ApacheHttpTransport:
====    233:234:public void shutdown()
====    242:242:public org.apache.http.client.HttpClient getHttpClient()
com.google.api.client.http.apache.ApacheHttpTransport$Builder
com.google.api.client.http.apache.SSLSocketFactoryExtension
com.google.api.client.http.javanet.NetHttpResponse:
====    74:75:public long getContentLength()
com.google.api.client.http.javanet.NetHttpTransport$Builder
com.google.api.client.http.json.JsonHttpContent:
====    87:88:public com.google.api.client.http.json.JsonHttpContent setMediaType(com.google.api.client.http.HttpMediaType)
====    97:97:public final java.lang.Object getData()
====    106:106:public final com.google.api.client.json.JsonFactory getJsonFactory()
====    115:115:public final java.lang.String getWrapperKey()
====    49:49:public bridge synthetic com.google.api.client.http.AbstractHttpContent setMediaType(com.google.api.client.http.HttpMediaType)
com.google.api.client.http.xml.AbstractXmlHttpContent
com.google.api.client.http.xml.XmlHttpContent
com.google.api.client.http.xml.atom.AtomContent
com.google.api.client.http.xml.atom.AtomFeedParser
com.google.api.client.json.CustomizeJsonParser:
====    36:36:public CustomizeJsonParser()
com.google.api.client.json.GenericJson:
====    51:51:public final com.google.api.client.json.JsonFactory getFactory()
com.google.api.client.json.Json:
====    26:26:public Json()
com.google.api.client.json.JsonFactory:
====    public abstract com.google.api.client.json.JsonParser createJsonParser(java.lang.String)
====    public abstract com.google.api.client.json.JsonParser createJsonParser(java.io.Reader)
====    public abstract com.google.api.client.json.JsonGenerator createJsonGenerator(java.io.Writer)
====    101:101:public final com.google.api.client.json.JsonObjectParser createJsonObjectParser()
====    142:142:public final byte[] toByteArray(java.lang.Object)
====    187:187:public final java.lang.Object fromString(java.lang.String,java.lang.Class)
====    203:203:public final java.lang.Object fromInputStream(java.io.InputStream,java.lang.Class)
====    219:219:public final java.lang.Object fromInputStream(java.io.InputStream,java.nio.charset.Charset,java.lang.Class)
====    233:233:public final java.lang.Object fromReader(java.io.Reader,java.lang.Class)
com.google.api.client.json.JsonGenerator:
====    public abstract com.google.api.client.json.JsonFactory getFactory()
====    public abstract void close()
====    public abstract void writeNumber(java.lang.String)
com.google.api.client.json.JsonObjectParser:
====    65:66:public JsonObjectParser(com.google.api.client.json.JsonFactory)
====    92:92:public java.lang.Object parseAndClose(java.io.Reader,java.lang.Class)
====    96:98:public java.lang.Object parseAndClose(java.io.Reader,java.lang.reflect.Type)
com.google.api.client.json.JsonObjectParser$Builder:
====    168:168:public final com.google.api.client.json.JsonFactory getJsonFactory()
====    173:173:public final java.util.Collection getWrapperKeys()
com.google.api.client.json.JsonParser: